<?xml version="1.0" encoding="UTF-8"?>
<!-- Generated by org.testng.reporters.JUnitReportReporter -->
<testsuite hostname="DESKTOP-29GDPB1" failures="0" tests="1" name="testNGTestCases.NewTest" time="0.024" errors="0" timestamp="2025-08-26T12:10:39 IST" skipped="0">
  <testcase classname="testNGTestCases.NewTest" name="f" time="0.024"/>
  <system-out/>
</testsuite> <!-- testNGTestCases.NewTest -->
