<?xml version="1.0" encoding="UTF-8"?>
<!-- Generated by org.testng.reporters.JUnitReportReporter -->
<testsuite hostname="DESKTOP-29GDPB1" failures="0" tests="2" name="testNGTestCases.loginwith" time="0.027" errors="0" timestamp="2025-08-26T12:15:35 IST" skipped="0">
  <testcase classname="testNGTestCases.loginwith" name="dologin" time="0.020"/>
  <system-out/>
  <testcase classname="testNGTestCases.loginwith" name="dologin" time="0.007"/>
  <system-out/>
</testsuite> <!-- testNGTestCases.loginwith -->
