<?xml version="1.0" encoding="UTF-8"?>
<!-- Generated by org.testng.reporters.JUnitReportReporter -->
<testsuite hostname="DESKTOP-29GDPB1" failures="0" tests="3" name="testNGTestCases.OrderDemoTest" time="0.030" errors="0" timestamp="2025-08-25T12:43:48 IST" skipped="0">
  <testcase classname="testNGTestCases.OrderDemoTest" name="testC" time="0.006"/>
  <system-out/>
  <testcase classname="testNGTestCases.OrderDemoTest" name="testB" time="0.017"/>
  <system-out/>
  <testcase classname="testNGTestCases.OrderDemoTest" name="testA" time="0.007"/>
  <system-out/>
</testsuite> <!-- testNGTestCases.OrderDemoTest -->
