<?xml version="1.0" encoding="UTF-8"?>
<!-- Generated by org.testng.reporters.JUnitReportReporter -->
<testsuite hostname="DESKTOP-29GDPB1" failures="0" tests="1" name="testNGTestCases.parameterExample" time="0.004" errors="0" timestamp="2025-08-26T15:50:24 IST" skipped="0">
  <testcase classname="testNGTestCases.parameterExample" name="f" time="0.004"/>
  <system-out/>
</testsuite> <!-- testNGTestCases.parameterExample -->
