<?xml version="1.0" encoding="UTF-8"?>
<!-- Generated by org.testng.reporters.JUnitReportReporter -->
<testsuite hostname="DESKTOP-29GDPB1" failures="0" tests="1" name="TestCases.LoginPageTestCases" time="14.192" errors="0" timestamp="2025-08-28T15:50:10 IST" skipped="0">
  <testcase classname="TestCases.LoginPageTestCases" name="DoLogin" time="14.192"/>
  <system-out/>
</testsuite> <!-- TestCases.LoginPageTestCases -->
