<?xml version="1.0" encoding="UTF-8"?>
<!-- Generated by org.testng.reporters.JUnitReportReporter -->
<testsuite hostname="DESKTOP-29GDPB1" failures="0" tests="1" name="testNGTestCases.OrangeHrmLoginTest" time="11.991" errors="0" timestamp="2025-08-25T15:14:04 IST" skipped="0">
  <testcase classname="testNGTestCases.OrangeHrmLoginTest" name="login" time="11.991"/>
  <system-out/>
</testsuite> <!-- testNGTestCases.OrangeHrmLoginTest -->
