<?xml version="1.0" encoding="UTF-8"?>
<!-- Generated by org.testng.reporters.JUnitReportReporter -->
<testsuite hostname="DESKTOP-29GDPB1" failures="0" tests="2" name="TestCases.NewTest1" time="0.025" errors="0" timestamp="2025-08-28T15:10:58 IST" skipped="0">
  <testcase classname="TestCases.NewTest1" name="one" time="0.017"/>
  <system-out/>
  <testcase classname="TestCases.NewTest1" name="two" time="0.008"/>
  <system-out/>
</testsuite> <!-- TestCases.NewTest1 -->
