<?xml version="1.0" encoding="UTF-8"?>
<!-- Generated by org.testng.reporters.JUnitReportReporter -->
<testsuite hostname="DESKTOP-29GDPB1" failures="0" tests="2" name="testNGTestCases.NewTest" time="0.021" errors="0" timestamp="2025-08-25T11:53:15 IST" skipped="0">
  <testcase classname="testNGTestCases.NewTest" name="b" time="0.018"/>
  <system-out/>
  <testcase classname="testNGTestCases.NewTest" name="a" time="0.003"/>
  <system-out/>
</testsuite> <!-- testNGTestCases.NewTest -->
