<?xml version="1.0" encoding="UTF-8"?>
<!-- Generated by org.testng.reporters.JUnitReportReporter -->
<testsuite hostname="DESKTOP-29GDPB1" failures="0" tests="1" name="extentReportTests.ExtentTC3Login" time="7.941" errors="0" timestamp="2025-08-29T14:51:00 IST" skipped="0">
  <testcase classname="extentReportTests.ExtentTC3Login" name="login" time="7.941"/>
  <system-out/>
</testsuite> <!-- extentReportTests.ExtentTC3Login -->
