<?xml version="1.0" encoding="UTF-8"?>
<!-- Generated by org.testng.reporters.JUnitReportReporter -->
<testsuite hostname="DESKTOP-29GDPB1" failures="0" tests="1" name="seleniumTests.linkCheck" time="36.194" errors="0" timestamp="2025-08-27T10:43:26 IST" skipped="0">
  <testcase classname="seleniumTests.linkCheck" name="linkTest" time="36.194"/>
  <system-out/>
</testsuite> <!-- seleniumTests.linkCheck -->
