<?xml version="1.0" encoding="UTF-8"?>
<!-- Generated by org.testng.reporters.JUnitReportReporter -->
<testsuite hostname="DESKTOP-29GDPB1" failures="0" tests="1" name="testNGTestCases.HomePageTests" time="8.755" errors="0" timestamp="2025-08-26T16:01:33 IST" skipped="0">
  <testcase classname="testNGTestCases.HomePageTests" name="checkBrokenLinks" time="8.755"/>
  <system-out/>
</testsuite> <!-- testNGTestCases.HomePageTests -->
